2024-06-24 06:30:06,823 [INFO] com.InstaCut.demo.InstaCutApplication [main] Starting InstaCutApplication using Java 17.0.7 with PID 40750 (/Users/oww/Documents/GitHub/InstaCut/backend_apis/target/classes started by oww in /Users/oww/Documents/GitHub/InstaCut)
2024-06-24 06:30:06,826 [INFO] com.InstaCut.demo.InstaCutApplication [main] No active profile set, falling back to 1 default profile: "default"
2024-06-24 06:30:07,881 [INFO] org.springframework.data.repository.config.RepositoryConfigurationDelegate [main] Bootstrapping Spring Data JPA repositories in DEFAULT mode.
2024-06-24 06:30:07,972 [INFO] org.springframework.data.repository.config.RepositoryConfigurationDelegate [main] Finished Spring Data repository scanning in 85 ms. Found 3 JPA repository interfaces.
2024-06-24 06:30:08,602 [INFO] org.springframework.boot.web.embedded.tomcat.TomcatWebServer [main] Tomcat initialized with port 8095 (http)
2024-06-24 06:30:08,611 [INFO] org.apache.catalina.core.StandardService [main] Starting service [Tomcat]
2024-06-24 06:30:08,611 [INFO] org.apache.catalina.core.StandardEngine [main] Starting Servlet engine: [Apache Tomcat/10.1.24]
2024-06-24 06:30:08,665 [INFO] org.apache.catalina.core.ContainerBase.[Tomcat].[localhost].[/] [main] Initializing Spring embedded WebApplicationContext
2024-06-24 06:30:08,666 [INFO] org.springframework.boot.web.servlet.context.ServletWebServerApplicationContext [main] Root WebApplicationContext: initialization completed in 1766 ms
2024-06-24 06:30:08,703 [INFO] com.zaxxer.hikari.HikariDataSource [main] HikariPool-1 - Starting...
2024-06-24 06:30:08,858 [INFO] com.zaxxer.hikari.pool.HikariPool [main] HikariPool-1 - Added connection conn0: url=jdbc:h2:file:./db/db user=ROOT
2024-06-24 06:30:08,859 [INFO] com.zaxxer.hikari.HikariDataSource [main] HikariPool-1 - Start completed.
2024-06-24 06:30:08,872 [INFO] org.springframework.boot.autoconfigure.h2.H2ConsoleAutoConfiguration [main] H2 console available at '/db-console'. Database available at 'jdbc:h2:file:./db/db'
2024-06-24 06:30:09,047 [INFO] org.hibernate.jpa.internal.util.LogHelper [main] HHH000204: Processing PersistenceUnitInfo [name: default]
2024-06-24 06:30:09,084 [INFO] org.hibernate.Version [main] HHH000412: Hibernate ORM core version 6.5.2.Final
2024-06-24 06:30:09,109 [INFO] org.hibernate.cache.internal.RegionFactoryInitiator [main] HHH000026: Second-level cache disabled
2024-06-24 06:30:09,320 [INFO] org.springframework.orm.jpa.persistenceunit.SpringPersistenceUnitInfo [main] No LoadTimeWeaver setup: ignoring JPA class transformer
2024-06-24 06:30:09,353 [WARN] org.hibernate.orm.deprecation [main] HHH90000025: H2Dialect does not need to be specified explicitly using 'hibernate.dialect' (remove the property setting and it will be selected by default)
2024-06-24 06:30:10,122 [INFO] org.hibernate.engine.transaction.jta.platform.internal.JtaPlatformInitiator [main] HHH000489: No JTA platform available (set 'hibernate.transaction.jta.platform' to enable JTA platform integration)
2024-06-24 06:30:10,168 [INFO] org.springframework.orm.jpa.LocalContainerEntityManagerFactoryBean [main] Initialized JPA EntityManagerFactory for persistence unit 'default'
2024-06-24 06:30:11,130 [WARN] org.springframework.boot.autoconfigure.orm.jpa.JpaBaseConfiguration$JpaWebConfiguration [main] spring.jpa.open-in-view is enabled by default. Therefore, database queries may be performed during view rendering. Explicitly configure spring.jpa.open-in-view to disable this warning
2024-06-24 06:30:11,152 [INFO] org.springframework.security.config.annotation.authentication.configuration.InitializeUserDetailsBeanManagerConfigurer$InitializeUserDetailsManagerConfigurer [main] Global AuthenticationManager configured with UserDetailsService bean with name accountService
2024-06-24 06:30:11,460 [INFO] org.springframework.security.web.DefaultSecurityFilterChain [main] Will secure any request with [org.springframework.security.web.session.DisableEncodeUrlFilter@38aed8ad, org.springframework.security.web.context.request.async.WebAsyncManagerIntegrationFilter@79c4454, org.springframework.security.web.context.SecurityContextHolderFilter@c2ddfeb, org.springframework.security.web.header.HeaderWriterFilter@5257123d, org.springframework.web.filter.CorsFilter@50f5ce5b, org.springframework.security.web.authentication.logout.LogoutFilter@376c5950, org.springframework.security.oauth2.server.resource.web.authentication.BearerTokenAuthenticationFilter@141874c8, org.springframework.security.web.savedrequest.RequestCacheAwareFilter@7695184b, org.springframework.security.web.servletapi.SecurityContextHolderAwareRequestFilter@615bd28b, org.springframework.security.web.authentication.AnonymousAuthenticationFilter@31aee6d9, org.springframework.security.web.session.SessionManagementFilter@6e2e11ee, org.springframework.security.web.access.ExceptionTranslationFilter@75c095a5, org.springframework.security.web.access.intercept.AuthorizationFilter@3f119b55]
2024-06-24 06:30:11,786 [INFO] org.springframework.boot.web.embedded.tomcat.TomcatWebServer [main] Tomcat started on port 8095 (http) with context path '/'
2024-06-24 06:30:11,802 [INFO] com.InstaCut.demo.InstaCutApplication [main] Started InstaCutApplication in 5.552 seconds (process running for 6.178)
