2024-06-16 00:50:46,091 [INFO] com.InstaCut.demo.InstaCutApplicationTests [main] Starting InstaCutApplicationTests using Java 17.0.7 with PID 2374 (started by oww in /Users/oww/Documents/GitHub/InstaCut/backend_apis)
2024-06-16 00:50:46,103 [INFO] com.InstaCut.demo.InstaCutApplicationTests [main] No active profile set, falling back to 1 default profile: "default"
2024-06-16 00:50:48,028 [INFO] org.springframework.data.repository.config.RepositoryConfigurationDelegate [main] Bootstrapping Spring Data JPA repositories in DEFAULT mode.
2024-06-16 00:50:48,253 [INFO] org.springframework.data.repository.config.RepositoryConfigurationDelegate [main] Finished Spring Data repository scanning in 217 ms. Found 3 JPA repository interfaces.
2024-06-16 00:50:49,434 [INFO] org.hibernate.jpa.internal.util.LogHelper [main] HHH000204: Processing PersistenceUnitInfo [name: default]
2024-06-16 00:50:49,500 [INFO] org.hibernate.Version [main] HHH000412: Hibernate ORM core version 6.5.2.Final
2024-06-16 00:50:49,549 [INFO] org.hibernate.cache.internal.RegionFactoryInitiator [main] HHH000026: Second-level cache disabled
2024-06-16 00:50:49,983 [INFO] org.springframework.orm.jpa.persistenceunit.SpringPersistenceUnitInfo [main] No LoadTimeWeaver setup: ignoring JPA class transformer
2024-06-16 00:50:50,042 [INFO] com.zaxxer.hikari.HikariDataSource [main] HikariPool-1 - Starting...
2024-06-16 00:50:50,289 [INFO] com.zaxxer.hikari.pool.HikariPool [main] HikariPool-1 - Added connection conn0: url=jdbc:h2:file:./db/db user=ROOT
2024-06-16 00:50:50,292 [INFO] com.zaxxer.hikari.HikariDataSource [main] HikariPool-1 - Start completed.
2024-06-16 00:50:50,324 [WARN] org.hibernate.orm.deprecation [main] HHH90000025: H2Dialect does not need to be specified explicitly using 'hibernate.dialect' (remove the property setting and it will be selected by default)
2024-06-16 00:50:51,709 [INFO] org.hibernate.engine.transaction.jta.platform.internal.JtaPlatformInitiator [main] HHH000489: No JTA platform available (set 'hibernate.transaction.jta.platform' to enable JTA platform integration)
2024-06-16 00:50:51,787 [INFO] org.springframework.orm.jpa.LocalContainerEntityManagerFactoryBean [main] Initialized JPA EntityManagerFactory for persistence unit 'default'
2024-06-16 00:50:53,572 [WARN] org.springframework.boot.autoconfigure.orm.jpa.JpaBaseConfiguration$JpaWebConfiguration [main] spring.jpa.open-in-view is enabled by default. Therefore, database queries may be performed during view rendering. Explicitly configure spring.jpa.open-in-view to disable this warning
2024-06-16 00:50:53,655 [INFO] org.springframework.security.config.annotation.authentication.configuration.InitializeUserDetailsBeanManagerConfigurer$InitializeUserDetailsManagerConfigurer [main] Global AuthenticationManager configured with UserDetailsService bean with name accountService
2024-06-16 00:50:54,537 [INFO] org.springframework.security.web.DefaultSecurityFilterChain [main] Will secure any request with [org.springframework.security.web.session.DisableEncodeUrlFilter@261c5d1f, org.springframework.security.web.context.request.async.WebAsyncManagerIntegrationFilter@570089c4, org.springframework.security.web.context.SecurityContextHolderFilter@6b6bae60, org.springframework.security.web.header.HeaderWriterFilter@1b641c97, org.springframework.web.filter.CorsFilter@409df37d, org.springframework.security.web.authentication.logout.LogoutFilter@381d7c4c, org.springframework.security.oauth2.server.resource.web.authentication.BearerTokenAuthenticationFilter@689fe2a3, org.springframework.security.web.savedrequest.RequestCacheAwareFilter@66be0e72, org.springframework.security.web.servletapi.SecurityContextHolderAwareRequestFilter@3f9ee527, org.springframework.security.web.authentication.AnonymousAuthenticationFilter@2ab1c7a9, org.springframework.security.web.session.SessionManagementFilter@158b8d10, org.springframework.security.web.access.ExceptionTranslationFilter@20ee660b, org.springframework.security.web.access.intercept.AuthorizationFilter@3b4b2c03]
2024-06-16 00:50:55,793 [INFO] org.springframework.boot.autoconfigure.h2.H2ConsoleAutoConfiguration [main] H2 console available at '/db-console'. Database available at 'jdbc:h2:file:./db/db'
2024-06-16 00:50:56,040 [INFO] com.InstaCut.demo.InstaCutApplicationTests [main] Started InstaCutApplicationTests in 10.559 seconds (process running for 12.25)
2024-06-16 00:50:57,560 [INFO] org.springframework.orm.jpa.LocalContainerEntityManagerFactoryBean [SpringApplicationShutdownHook] Closing JPA EntityManagerFactory for persistence unit 'default'
2024-06-16 00:50:57,579 [INFO] com.zaxxer.hikari.HikariDataSource [SpringApplicationShutdownHook] HikariPool-1 - Shutdown initiated...
2024-06-16 00:50:57,585 [INFO] com.zaxxer.hikari.HikariDataSource [SpringApplicationShutdownHook] HikariPool-1 - Shutdown completed.
